<?xml version="1.0" encoding="UTF-8"?>
<testsuite name="com.spring.project.domain.posts.PostsRepositoryTest" tests="2" skipped="0" failures="0" errors="0" timestamp="2021-11-24T15:10:24" hostname="gimbeom-uui-MacBookAir.local" time="0.05">
  <properties/>
  <testcase name="게시물저장_불러오기" classname="com.spring.project.domain.posts.PostsRepositoryTest" time="0.039"/>
  <testcase name="BaseTimeEntity_등록" classname="com.spring.project.domain.posts.PostsRepositoryTest" time="0.011"/>
  <system-out><![CDATA[2021-11-25 00:10:22.640  INFO 45244 --- [    Test worker] .b.t.c.SpringBootTestContextBootstrapper : Neither @ContextConfiguration nor @ContextHierarchy found for test class [com.spring.project.domain.posts.PostsRepositoryTest], using SpringBootContextLoader
2021-11-25 00:10:22.643  INFO 45244 --- [    Test worker] o.s.t.c.support.AbstractContextLoader    : Could not detect default resource locations for test class [com.spring.project.domain.posts.PostsRepositoryTest]: no resource found for suffixes {-context.xml, Context.groovy}.
2021-11-25 00:10:22.643  INFO 45244 --- [    Test worker] t.c.s.AnnotationConfigContextLoaderUtils : Could not detect default configuration classes for test class [com.spring.project.domain.posts.PostsRepositoryTest]: PostsRepositoryTest does not declare any static, non-private, non-final, nested classes annotated with @Configuration.
2021-11-25 00:10:22.676  INFO 45244 --- [    Test worker] .b.t.c.SpringBootTestContextBootstrapper : Found @SpringBootConfiguration com.spring.project.Application for test class com.spring.project.domain.posts.PostsRepositoryTest
2021-11-25 00:10:22.679  INFO 45244 --- [    Test worker] .b.t.c.SpringBootTestContextBootstrapper : Loaded default TestExecutionListener class names from location [META-INF/spring.factories]: [org.springframework.boot.test.autoconfigure.restdocs.RestDocsTestExecutionListener, org.springframework.boot.test.autoconfigure.web.client.MockRestServiceServerResetTestExecutionListener, org.springframework.boot.test.autoconfigure.web.servlet.MockMvcPrintOnlyOnFailureTestExecutionListener, org.springframework.boot.test.autoconfigure.web.servlet.WebDriverTestExecutionListener, org.springframework.boot.test.mock.mockito.MockitoTestExecutionListener, org.springframework.boot.test.mock.mockito.ResetMocksTestExecutionListener, org.springframework.test.context.web.ServletTestExecutionListener, org.springframework.test.context.support.DirtiesContextBeforeModesTestExecutionListener, org.springframework.test.context.support.DependencyInjectionTestExecutionListener, org.springframework.test.context.support.DirtiesContextTestExecutionListener, org.springframework.test.context.transaction.TransactionalTestExecutionListener, org.springframework.test.context.jdbc.SqlScriptsTestExecutionListener]
2021-11-25 00:10:22.679  INFO 45244 --- [    Test worker] .b.t.c.SpringBootTestContextBootstrapper : Using TestExecutionListeners: [org.springframework.test.context.web.ServletTestExecutionListener@526e4dc7, org.springframework.test.context.support.DirtiesContextBeforeModesTestExecutionListener@2e111a8b, org.springframework.boot.test.mock.mockito.MockitoTestExecutionListener@7dbc770a, org.springframework.boot.test.autoconfigure.SpringBootDependencyInjectionTestExecutionListener@30b0ca18, org.springframework.test.context.support.DirtiesContextTestExecutionListener@1090b9bc, org.springframework.test.context.transaction.TransactionalTestExecutionListener@36f33c67, org.springframework.test.context.jdbc.SqlScriptsTestExecutionListener@28690994, org.springframework.boot.test.autoconfigure.restdocs.RestDocsTestExecutionListener@1e3fe68b, org.springframework.boot.test.autoconfigure.web.client.MockRestServiceServerResetTestExecutionListener@bf7f1a9, org.springframework.boot.test.autoconfigure.web.servlet.MockMvcPrintOnlyOnFailureTestExecutionListener@24c8e4b4, org.springframework.boot.test.autoconfigure.web.servlet.WebDriverTestExecutionListener@448d6c10, org.springframework.boot.test.mock.mockito.ResetMocksTestExecutionListener@25e7d1b4]

  .   ____          _            __ _ _
 /\\ / ___'_ __ _ _(_)_ __  __ _ \ \ \ \
( ( )\___ | '_ | '_| | '_ \/ _` | \ \ \ \
 \\/  ___)| |_)| | | | | || (_| |  ) ) ) )
  '  |____| .__|_| |_|_| |_\__, | / / / /
 =========|_|==============|___/=/_/_/_/
 :: Spring Boot ::        (v2.1.9.RELEASE)

2021-11-25 00:10:22.721  INFO 45244 --- [    Test worker] c.s.p.domain.posts.PostsRepositoryTest   : Starting PostsRepositoryTest on gimbeom-uui-MacBookAir.local with PID 45244 (started by kimbeom-u in /Users/kimbeom-u/Desktop/study/spring-project)
2021-11-25 00:10:22.722  INFO 45244 --- [    Test worker] c.s.p.domain.posts.PostsRepositoryTest   : The following profiles are active: oauth
2021-11-25 00:10:22.993  INFO 45244 --- [    Test worker] .s.d.r.c.RepositoryConfigurationDelegate : Bootstrapping Spring Data repositories in DEFAULT mode.
2021-11-25 00:10:23.020  INFO 45244 --- [    Test worker] .s.d.r.c.RepositoryConfigurationDelegate : Finished Spring Data repository scanning in 27ms. Found 2 repository interfaces.
2021-11-25 00:10:23.128  INFO 45244 --- [    Test worker] trationDelegate$BeanPostProcessorChecker : Bean 'org.springframework.transaction.annotation.ProxyTransactionManagementConfiguration' of type [org.springframework.transaction.annotation.ProxyTransactionManagementConfiguration$$EnhancerBySpringCGLIB$$8194e290] is not eligible for getting processed by all BeanPostProcessors (for example: not eligible for auto-proxying)
2021-11-25 00:10:23.221  INFO 45244 --- [    Test worker] com.zaxxer.hikari.HikariDataSource       : HikariPool-2 - Starting...
2021-11-25 00:10:23.225  INFO 45244 --- [    Test worker] com.zaxxer.hikari.HikariDataSource       : HikariPool-2 - Start completed.
2021-11-25 00:10:23.241  INFO 45244 --- [    Test worker] o.hibernate.jpa.internal.util.LogHelper  : HHH000204: Processing PersistenceUnitInfo [
	name: default
	...]
2021-11-25 00:10:23.251  INFO 45244 --- [    Test worker] org.hibernate.dialect.Dialect            : HHH000400: Using dialect: org.hibernate.dialect.MySQL5InnoDBDialect
Hibernate: drop table if exists posts
Hibernate: drop table if exists user
Hibernate: create table posts (id bigint not null auto_increment, created_time datetime, modified_date datetime, author varchar(255), content text not null, title varchar(500) not null, primary key (id)) engine=InnoDB
Hibernate: create table user (id bigint not null auto_increment, created_time datetime, modified_date datetime, email varchar(255) not null, name varchar(255) not null, picture varchar(255), role varchar(255) not null, primary key (id)) engine=InnoDB
2021-11-25 00:10:23.349  INFO 45244 --- [    Test worker] o.h.t.schema.internal.SchemaCreatorImpl  : HHH000476: Executing import script 'org.hibernate.tool.schema.internal.exec.ScriptSourceInputNonExistentImpl@f89c583'
2021-11-25 00:10:23.350  INFO 45244 --- [    Test worker] j.LocalContainerEntityManagerFactoryBean : Initialized JPA EntityManagerFactory for persistence unit 'default'
2021-11-25 00:10:23.522  INFO 45244 --- [    Test worker] o.h.h.i.QueryTranslatorFactoryInitiator  : HHH000397: Using ASTQueryTranslatorFactory
2021-11-25 00:10:23.640  INFO 45244 --- [    Test worker] o.s.s.web.DefaultSecurityFilterChain     : Creating filter chain: any request, [org.springframework.security.web.context.request.async.WebAsyncManagerIntegrationFilter@4a793111, org.springframework.security.web.context.SecurityContextPersistenceFilter@42ed3b2f, org.springframework.security.web.header.HeaderWriterFilter@514fe66e, org.springframework.security.web.authentication.logout.LogoutFilter@1f30c394, org.springframework.security.oauth2.client.web.OAuth2AuthorizationRequestRedirectFilter@1f62e269, org.springframework.security.oauth2.client.web.OAuth2LoginAuthenticationFilter@55f36ac5, org.springframework.security.web.authentication.ui.DefaultLoginPageGeneratingFilter@342fa27d, org.springframework.security.web.authentication.ui.DefaultLogoutPageGeneratingFilter@4eef51a4, org.springframework.security.web.savedrequest.RequestCacheAwareFilter@34394d3f, org.springframework.security.web.servletapi.SecurityContextHolderAwareRequestFilter@1a6ba140, org.springframework.security.web.authentication.AnonymousAuthenticationFilter@461683ba, org.springframework.security.web.session.SessionManagementFilter@5f3e3a9a, org.springframework.security.web.access.ExceptionTranslationFilter@44065491, org.springframework.security.web.access.intercept.FilterSecurityInterceptor@530af301]
2021-11-25 00:10:23.888  INFO 45244 --- [    Test worker] o.s.s.concurrent.ThreadPoolTaskExecutor  : Initializing ExecutorService 'applicationTaskExecutor'
2021-11-25 00:10:23.898  WARN 45244 --- [    Test worker] aWebConfiguration$JpaWebMvcConfiguration : spring.jpa.open-in-view is enabled by default. Therefore, database queries may be performed during view rendering. Explicitly configure spring.jpa.open-in-view to disable this warning
2021-11-25 00:10:23.931  INFO 45244 --- [    Test worker] o.s.b.a.w.s.WelcomePageHandlerMapping    : Adding welcome page template: index
2021-11-25 00:10:24.198  INFO 45244 --- [    Test worker] s.a.ScheduledAnnotationBeanPostProcessor : No TaskScheduler/ScheduledExecutorService bean found for scheduled processing
2021-11-25 00:10:24.200  INFO 45244 --- [    Test worker] c.s.p.domain.posts.PostsRepositoryTest   : Started PostsRepositoryTest in 1.518 seconds (JVM running for 14.605)
Hibernate: insert into posts (created_time, modified_date, author, content, title) values (?, ?, ?, ?, ?)
Hibernate: select posts0_.id as id1_0_, posts0_.created_time as created_2_0_, posts0_.modified_date as modified3_0_, posts0_.author as author4_0_, posts0_.content as content5_0_, posts0_.title as title6_0_ from posts posts0_
Hibernate: select posts0_.id as id1_0_, posts0_.created_time as created_2_0_, posts0_.modified_date as modified3_0_, posts0_.author as author4_0_, posts0_.content as content5_0_, posts0_.title as title6_0_ from posts posts0_
Hibernate: delete from posts where id=?
Hibernate: insert into posts (created_time, modified_date, author, content, title) values (?, ?, ?, ?, ?)
Hibernate: select posts0_.id as id1_0_, posts0_.created_time as created_2_0_, posts0_.modified_date as modified3_0_, posts0_.author as author4_0_, posts0_.content as content5_0_, posts0_.title as title6_0_ from posts posts0_
>>>>>>> createDat=2021-11-25T00:10:24.254050, modifiedDate=2021-11-25T00:10:24.254050
2021-11-20T00:00
Hibernate: select posts0_.id as id1_0_, posts0_.created_time as created_2_0_, posts0_.modified_date as modified3_0_, posts0_.author as author4_0_, posts0_.content as content5_0_, posts0_.title as title6_0_ from posts posts0_
Hibernate: delete from posts where id=?
]]></system-out>
  <system-err><![CDATA[]]></system-err>
</testsuite>
