<?xml version="1.0" encoding="UTF-8"?>
<testsuite name="com.spring.project.dto.HelloResponseDtoTest" tests="1" skipped="0" failures="0" errors="0" timestamp="2021-11-24T15:10:22" hostname="gimbeom-uui-MacBookAir.local" time="0.001">
  <properties/>
  <testcase name="롬복_기능_테스트" classname="com.spring.project.dto.HelloResponseDtoTest" time="0.001"/>
  <system-out><![CDATA[]]></system-out>
  <system-err><![CDATA[]]></system-err>
</testsuite>
